6/17/2017 6:51:03 AM	This log contains information about the import schema operation into project 'ListingManagerDB' on computer 'LAPTOP-DU45P1DN' by user 'smimt'.
6/17/2017 6:51:03 AM	Import of database schema has started.
6/17/2017 6:51:07 AM	Gathering database credentials
6/17/2017 6:51:07 AM	Gathering database options
6/17/2017 6:51:07 AM	Gathering users
6/17/2017 6:51:07 AM	Gathering roles
6/17/2017 6:51:07 AM	Gathering application roles
6/17/2017 6:51:07 AM	Gathering role memberships
6/17/2017 6:51:07 AM	Gathering filegroups
6/17/2017 6:51:07 AM	Gathering full-text catalogs
6/17/2017 6:51:07 AM	Gathering assemblies
6/17/2017 6:51:07 AM	Gathering certificates
6/17/2017 6:51:07 AM	Gathering asymmetric keys
6/17/2017 6:51:07 AM	Gathering symmetric keys
6/17/2017 6:51:07 AM	Gathering encrypted symmetric keys
6/17/2017 6:51:07 AM	Gathering schemas
6/17/2017 6:51:07 AM	Gathering XML schema collections
6/17/2017 6:51:07 AM	Gathering user-defined data types
6/17/2017 6:51:07 AM	Gathering user-defined types
6/17/2017 6:51:07 AM	Gathering table types
6/17/2017 6:51:07 AM	Gathering unique keys for table types
6/17/2017 6:51:07 AM	Gathering primary keys for table types
6/17/2017 6:51:07 AM	Gathering indexes for table types
6/17/2017 6:51:07 AM	Gathering check constraints for table types
6/17/2017 6:51:07 AM	Gathering default constraints for table types
6/17/2017 6:51:07 AM	Gathering partition functions
6/17/2017 6:51:07 AM	Gathering partition schemes
6/17/2017 6:51:07 AM	Gathering functions
6/17/2017 6:51:07 AM	Gathering encrypted functions
6/17/2017 6:51:07 AM	Gathering aggregates
6/17/2017 6:51:07 AM	Gathering procedures
6/17/2017 6:51:07 AM	Gathering encrypted procedures
6/17/2017 6:51:07 AM	Gathering tables
6/17/2017 6:51:07 AM	Gathering primary keys
6/17/2017 6:51:07 AM	Gathering unique constraints
6/17/2017 6:51:07 AM	Gathering foreign keys
6/17/2017 6:51:07 AM	Gathering default constraints
6/17/2017 6:51:07 AM	Gathering check constraints
6/17/2017 6:51:07 AM	Gathering views
6/17/2017 6:51:07 AM	Gathering encrypted views
6/17/2017 6:51:07 AM	Gathering indexes
6/17/2017 6:51:07 AM	Gathering statistics
6/17/2017 6:51:07 AM	Gathering full-text index stoplists
6/17/2017 6:51:07 AM	Gathering search property lists
6/17/2017 6:51:07 AM	Gathering search properties
6/17/2017 6:51:07 AM	Gathering full-text indexes
6/17/2017 6:51:07 AM	Gathering column store indexes
6/17/2017 6:51:07 AM	Gathering spatial indexes
6/17/2017 6:51:07 AM	Gathering XML indexes
6/17/2017 6:51:07 AM	Gathering Selective XML indexes
6/17/2017 6:51:07 AM	Gathering encrypted triggers
6/17/2017 6:51:07 AM	Gathering triggers
6/17/2017 6:51:07 AM	Gathering encrypted and clr ddl triggers
6/17/2017 6:51:07 AM	Gathering ddl triggers
6/17/2017 6:51:07 AM	Gathering synonyms
6/17/2017 6:51:07 AM	Gathering defaults
6/17/2017 6:51:07 AM	Gathering data constraint uddt bindings
6/17/2017 6:51:07 AM	Gathering rules
6/17/2017 6:51:07 AM	Gathering data constraint uddt bindings
6/17/2017 6:51:07 AM	Gathering message types
6/17/2017 6:51:07 AM	Gathering queues
6/17/2017 6:51:07 AM	Gathering contracts
6/17/2017 6:51:07 AM	Gathering services
6/17/2017 6:51:07 AM	Gathering event notifications
6/17/2017 6:51:07 AM	Gathering remote service bindings
6/17/2017 6:51:07 AM	Gathering broker priorities
6/17/2017 6:51:07 AM	Gathering signatures
6/17/2017 6:51:07 AM	Gathering data compression options
6/17/2017 6:51:07 AM	Gathering sequence types
6/17/2017 6:51:07 AM	Gathering security policies
6/17/2017 6:51:07 AM	Gather column encryption keys
6/17/2017 6:51:07 AM	Gathering column master keys
6/17/2017 6:51:07 AM	Gathering external data sources
6/17/2017 6:51:07 AM	Gathering external file formats
6/17/2017 6:51:07 AM	Gathering external tables
6/17/2017 6:51:07 AM	Gathering extended properties
6/17/2017 6:51:07 AM	Gathering credentials
6/17/2017 6:51:07 AM	Gathering logins
6/17/2017 6:51:07 AM	Gathering server audits
6/17/2017 6:51:07 AM	Scanning project for duplicate elements
6/17/2017 6:51:07 AM	Finished duplicate element processing
6/17/2017 6:51:07 AM	Finished importing database.
6/17/2017 6:51:07 AM	A summary of the import was saved to the following location: C:\Angular\ListingManager\ListingManagerDB\ListingManagerDB\Import Schema Logs\ListingManagerDB_20170617015103.log
6/17/2017 6:51:07 AM	Click Finish to continue...
